<?xml version="1.0" encoding="UTF-8"?>
<testng-results ignored="0" total="1" passed="1" failed="0" skipped="0">
  <reporter-output>
  </reporter-output>
  <suite started-at="2023-07-12T14:29:27 IST" name="Default suite" finished-at="2023-07-12T14:30:43 IST" duration-ms="75765">
    <groups>
    </groups>
    <test started-at="2023-07-12T14:29:27 IST" name="Default test" finished-at="2023-07-12T14:30:43 IST" duration-ms="75765">
      <class name="PMS.PMSPhase1.Verify_header_in_rating_page">
        <test-method signature="tc1()[pri:0, instance:PMS.PMSPhase1.Verify_header_in_rating_page@c9d0d6]" started-at="2023-07-12T14:29:27 IST" name="tc1" finished-at="2023-07-12T14:30:43 IST" duration-ms="75476" status="PASS">
          <reporter-output>
          </reporter-output>
        </test-method> <!-- tc1 -->
      </class> <!-- PMS.PMSPhase1.Verify_header_in_rating_page -->
    </test> <!-- Default test -->
  </suite> <!-- Default suite -->
</testng-results>
